#
# There is insufficient memory for the Java Runtime Environment to continue.
# Native memory allocation (malloc) failed to allocate 130176 bytes for Chunk::new
# Possible reasons:
#   The system is out of physical RAM or swap space
#   In 32 bit mode, the process size limit was hit
# Possible solutions:
#   Reduce memory load on the system
#   Increase physical memory or swap space
#   Check if swap backing store is full
#   Use 64 bit Java on a 64 bit OS
#   Decrease Java heap size (-Xmx/-Xms)
#   Decrease number of Java threads
#   Decrease Java thread stack sizes (-Xss)
#   Set larger code cache with -XX:ReservedCodeCacheSize=
# This output file may be truncated or incomplete.
#
#  Out of Memory Error (allocation.cpp:390), pid=6828, tid=0x000000000000384c
#
# JRE version: Java(TM) SE Runtime Environment (8.0_144-b01) (build 1.8.0_144-b01)
# Java VM: Java HotSpot(TM) 64-Bit Server VM (25.144-b01 mixed mode windows-amd64 compressed oops)
# Failed to write core dump. Minidumps are not enabled by default on client versions of Windows
#

---------------  T H R E A D  ---------------

Current thread (0x0000000024df0000):  JavaThread "C2 CompilerThread1" daemon [_thread_in_native, id=14412, stack(0x00000000256c0000,0x00000000257c0000)]

Stack: [0x00000000256c0000,0x00000000257c0000]
[error occurred during error reporting (printing stack bounds), id 0xc0000005]

Native frames: (J=compiled Java code, j=interpreted, Vv=VM code, C=native code)


Current CompileTask:
C2:   4905 4597   !   4       org.springframework.boot.loader.LaunchedURLClassLoader::lambda$definePackage$0 (163 bytes)


---------------  P R O C E S S  ---------------

Java Threads: ( => current thread )
  0x000000002c7c9800 JavaThread "HikariPool-1 connection adder" daemon [_thread_blocked, id=23688, stack(0x0000000032360000,0x0000000032460000)]
  0x000000002c7ca800 JavaThread "SimplePauseDetectorThread_0" daemon [_thread_blocked, id=12848, stack(0x0000000032260000,0x0000000032360000)]
  0x000000002c7cb000 JavaThread "Thread-2" daemon [_thread_blocked, id=17676, stack(0x0000000032160000,0x0000000032260000)]
  0x000000002c7c9000 JavaThread "HikariPool-1 housekeeper" daemon [_thread_blocked, id=1808, stack(0x0000000032060000,0x0000000032160000)]
  0x0000000027375000 JavaThread "container-0" [_thread_blocked, id=13384, stack(0x0000000031c60000,0x0000000031d60000)]
  0x000000002c0f3000 JavaThread "ContainerBackgroundProcessor[StandardEngine[Tomcat]]" daemon [_thread_blocked, id=10660, stack(0x0000000031b60000,0x0000000031c60000)]
  0x000000002783b000 JavaThread "Abandoned connection cleanup thread" daemon [_thread_blocked, id=12500, stack(0x0000000031a60000,0x0000000031b60000)]
  0x000000002db41800 JavaThread "localhost-startStop-1" daemon [_thread_blocked, id=9568, stack(0x0000000030f00000,0x0000000031000000)]
  0x000000002b539800 JavaThread "Tomcat-startStop-1" daemon [_thread_blocked, id=13744, stack(0x000000002cbc0000,0x000000002ccc0000)]
  0x0000000024e91800 JavaThread "Service Thread" daemon [_thread_blocked, id=12860, stack(0x00000000259c0000,0x0000000025ac0000)]
  0x0000000024dfa800 JavaThread "C1 CompilerThread3" daemon [_thread_blocked, id=6864, stack(0x00000000258c0000,0x00000000259c0000)]
  0x0000000024df2000 JavaThread "C2 CompilerThread2" daemon [_thread_in_native, id=26716, stack(0x00000000257c0000,0x00000000258c0000)]
=>0x0000000024df0000 JavaThread "C2 CompilerThread1" daemon [_thread_in_native, id=14412, stack(0x00000000256c0000,0x00000000257c0000)]
  0x0000000024dec000 JavaThread "C2 CompilerThread0" daemon [_thread_blocked, id=27984, stack(0x00000000255c0000,0x00000000256c0000)]
  0x0000000024de9000 JavaThread "Attach Listener" daemon [_thread_blocked, id=19372, stack(0x00000000254c0000,0x00000000255c0000)]
  0x0000000024de8000 JavaThread "Signal Dispatcher" daemon [_thread_blocked, id=15992, stack(0x00000000253c0000,0x00000000254c0000)]
  0x0000000004a0e000 JavaThread "Finalizer" daemon [_thread_blocked, id=23568, stack(0x00000000251c0000,0x00000000252c0000)]
  0x0000000004a05000 JavaThread "Reference Handler" daemon [_thread_blocked, id=14316, stack(0x0000000024cc0000,0x0000000024dc0000)]
  0x000000000480e000 JavaThread "main" [_thread_blocked, id=14672, stack(0x0000000004810000,0x0000000004910000)]

Other Threads:
  0x0000000022ed9800 VMThread [stack: 0x0000000024bc0000,0x0000000024cc0000] [id=20280]
  0x0000000024eb5000 WatcherThread [stack: 0x0000000025ac0000,0x0000000025bc0000] [id=27132]

VM state:at safepoint (normal execution)

VM Mutex/Monitor currently owned by a thread:  ([mutex/lock_event])
[0x000000000480c510] Threads_lock - owner thread: 0x0000000022ed9800
[0x000000000480d010] Heap_lock - owner thread: 0x000000000480e000

Heap:
 PSYoungGen      total 595456K, used 12433K [0x0000000740980000, 0x000000076a780000, 0x00000007c0000000)
  eden space 577536K, 0% used [0x0000000740980000,0x0000000740980000,0x0000000763d80000)
  from space 17920K, 69% used [0x0000000763d80000,0x00000007649a4680,0x0000000764f00000)
  to   space 16384K, 0% used [0x0000000764f00000,0x0000000764f00000,0x0000000765f00000)
 ParOldGen       total 184320K, used 21177K [0x0000000641c00000, 0x000000064d000000, 0x0000000740980000)
  object space 184320K, 11% used [0x0000000641c00000,0x00000006430ae660,0x000000064d000000)
 Metaspace       used 43516K, capacity 45370K, committed 45528K, reserved 1093632K
  class space    used 5752K, capacity 6125K, committed 6144K, reserved 1048576K

Card table byte_map: [0x0000000013dd0000,0x00000000149d0000] byte_map_base: 0x0000000010bc2000

Marking Bits: (ParMarkBitMap*) 0x00000000520dd850
 Begin Bits: [0x00000000159d0000, 0x000000001b960000)
 End Bits:   [0x000000001b960000, 0x00000000218f0000)

Polling page: 0x0000000004700000

CodeCache: size=245760Kb used=17042Kb max_used=17559Kb free=228717Kb
 bounds [0x0000000004a10000, 0x0000000005b40000, 0x0000000013a10000]
 total_blobs=4923 nmethods=4433 adapters=402
 compilation: enabled

Compilation events (10 events):
Event: 4.861 Thread 0x0000000024dfa800 4682       1       jdk.internal.org.objectweb.asm.MethodWriter::visitCode (1 bytes)
Event: 4.861 Thread 0x0000000024dfa800 nmethod 4682 0x0000000004c14fd0 code [0x0000000004c15120, 0x0000000004c15230]
Event: 4.871 Thread 0x0000000024dfa800 4683       1       com.mysql.jdbc.MysqlIO::getServerMinorVersion (5 bytes)
Event: 4.872 Thread 0x0000000024dfa800 nmethod 4683 0x0000000004c14d10 code [0x0000000004c14e60, 0x0000000004c14f70]
Event: 4.874 Thread 0x0000000024dec000 4684       4       java.lang.ClassLoader::addClass (9 bytes)
Event: 4.876 Thread 0x0000000024dec000 nmethod 4684 0x0000000004dbddd0 code [0x0000000004dbdf20, 0x0000000004dbe308]
Event: 4.885 Thread 0x0000000024dfa800 4685       3       com.mysql.jdbc.Buffer::readByte (17 bytes)
Event: 4.886 Thread 0x0000000024dfa800 nmethod 4685 0x0000000004c14950 code [0x0000000004c14aa0, 0x0000000004c14c30]
Event: 4.886 Thread 0x0000000024dfa800 4686       1       java.io.FileDescriptor::access$000 (5 bytes)
Event: 4.886 Thread 0x0000000024dfa800 nmethod 4686 0x0000000004dbdb10 code [0x0000000004dbdc60, 0x0000000004dbdd50]

GC Heap History (10 events):
Event: 1.554 GC heap after
Heap after GC invocations=7 (full 1):
 PSYoungGen      total 351744K, used 9702K [0x0000000740980000, 0x0000000759c80000, 0x00000007c0000000)
  eden space 342016K, 0% used [0x0000000740980000,0x0000000740980000,0x0000000755780000)
  from space 9728K, 99% used [0x0000000759300000,0x0000000759c799e8,0x0000000759c80000)
  to   space 11264K, 0% used [0x0000000758680000,0x0000000758680000,0x0000000759180000)
 ParOldGen       total 125952K, used 6209K [0x0000000641c00000, 0x0000000649700000, 0x0000000740980000)
  object space 125952K, 4% used [0x0000000641c00000,0x0000000642210678,0x0000000649700000)
 Metaspace       used 24812K, capacity 25556K, committed 25728K, reserved 1071104K
  class space    used 3181K, capacity 3356K, committed 3456K, reserved 1048576K
}
Event: 2.686 GC heap before
{Heap before GC invocations=8 (full 1):
 PSYoungGen      total 351744K, used 351718K [0x0000000740980000, 0x0000000759c80000, 0x00000007c0000000)
  eden space 342016K, 100% used [0x0000000740980000,0x0000000755780000,0x0000000755780000)
  from space 9728K, 99% used [0x0000000759300000,0x0000000759c799e8,0x0000000759c80000)
  to   space 11264K, 0% used [0x0000000758680000,0x0000000758680000,0x0000000759180000)
 ParOldGen       total 125952K, used 6209K [0x0000000641c00000, 0x0000000649700000, 0x0000000740980000)
  object space 125952K, 4% used [0x0000000641c00000,0x0000000642210678,0x0000000649700000)
 Metaspace       used 31555K, capacity 32778K, committed 32896K, reserved 1077248K
  class space    used 4116K, capacity 4397K, committed 4480K, reserved 1048576K
Event: 2.698 GC heap after
Heap after GC invocations=8 (full 1):
 PSYoungGen      total 401408K, used 11250K [0x0000000740980000, 0x0000000765f00000, 0x00000007c0000000)
  eden space 390144K, 0% used [0x0000000740980000,0x0000000740980000,0x0000000758680000)
  from space 11264K, 99% used [0x0000000758680000,0x000000075917c970,0x0000000759180000)
  to   space 16384K, 0% used [0x0000000764f00000,0x0000000764f00000,0x0000000765f00000)
 ParOldGen       total 125952K, used 13833K [0x0000000641c00000, 0x0000000649700000, 0x0000000740980000)
  object space 125952K, 10% used [0x0000000641c00000,0x00000006429825e0,0x0000000649700000)
 Metaspace       used 31555K, capacity 32778K, committed 32896K, reserved 1077248K
  class space    used 4116K, capacity 4397K, committed 4480K, reserved 1048576K
}
Event: 3.002 GC heap before
{Heap before GC invocations=9 (full 1):
 PSYoungGen      total 401408K, used 86225K [0x0000000740980000, 0x0000000765f00000, 0x00000007c0000000)
  eden space 390144K, 19% used [0x0000000740980000,0x00000007452b7bd0,0x0000000758680000)
  from space 11264K, 99% used [0x0000000758680000,0x000000075917c970,0x0000000759180000)
  to   space 16384K, 0% used [0x0000000764f00000,0x0000000764f00000,0x0000000765f00000)
 ParOldGen       total 125952K, used 13833K [0x0000000641c00000, 0x0000000649700000, 0x0000000740980000)
  object space 125952K, 10% used [0x0000000641c00000,0x00000006429825e0,0x0000000649700000)
 Metaspace       used 33891K, capacity 35362K, committed 35416K, reserved 1079296K
  class space    used 4394K, capacity 4701K, committed 4736K, reserved 1048576K
Event: 3.010 GC heap after
Heap after GC invocations=9 (full 1):
 PSYoungGen      total 593920K, used 14021K [0x0000000740980000, 0x000000076a780000, 0x00000007c0000000)
  eden space 577536K, 0% used [0x0000000740980000,0x0000000740980000,0x0000000763d80000)
  from space 16384K, 85% used [0x0000000764f00000,0x0000000765cb1418,0x0000000765f00000)
  to   space 17920K, 0% used [0x0000000763d80000,0x0000000763d80000,0x0000000764f00000)
 ParOldGen       total 125952K, used 13841K [0x0000000641c00000, 0x0000000649700000, 0x0000000740980000)
  object space 125952K, 10% used [0x0000000641c00000,0x00000006429845e0,0x0000000649700000)
 Metaspace       used 33891K, capacity 35362K, committed 35416K, reserved 1079296K
  class space    used 4394K, capacity 4701K, committed 4736K, reserved 1048576K
}
Event: 3.010 GC heap before
{Heap before GC invocations=10 (full 2):
 PSYoungGen      total 593920K, used 14021K [0x0000000740980000, 0x000000076a780000, 0x00000007c0000000)
  eden space 577536K, 0% used [0x0000000740980000,0x0000000740980000,0x0000000763d80000)
  from space 16384K, 85% used [0x0000000764f00000,0x0000000765cb1418,0x0000000765f00000)
  to   space 17920K, 0% used [0x0000000763d80000,0x0000000763d80000,0x0000000764f00000)
 ParOldGen       total 125952K, used 13841K [0x0000000641c00000, 0x0000000649700000, 0x0000000740980000)
  object space 125952K, 10% used [0x0000000641c00000,0x00000006429845e0,0x0000000649700000)
 Metaspace       used 33891K, capacity 35362K, committed 35416K, reserved 1079296K
  class space    used 4394K, capacity 4701K, committed 4736K, reserved 1048576K
Event: 3.049 GC heap after
Heap after GC invocations=10 (full 2):
 PSYoungGen      total 593920K, used 0K [0x0000000740980000, 0x000000076a780000, 0x00000007c0000000)
  eden space 577536K, 0% used [0x0000000740980000,0x0000000740980000,0x0000000763d80000)
  from space 16384K, 0% used [0x0000000764f00000,0x0000000764f00000,0x0000000765f00000)
  to   space 17920K, 0% used [0x0000000763d80000,0x0000000763d80000,0x0000000764f00000)
 ParOldGen       total 184320K, used 21169K [0x0000000641c00000, 0x000000064d000000, 0x0000000740980000)
  object space 184320K, 11% used [0x0000000641c00000,0x00000006430ac660,0x000000064d000000)
 Metaspace       used 33891K, capacity 35362K, committed 35416K, reserved 1079296K
  class space    used 4394K, capacity 4701K, committed 4736K, reserved 1048576K
}
Event: 4.891 GC heap before
{Heap before GC invocations=11 (full 2):
 PSYoungGen      total 593920K, used 493231K [0x0000000740980000, 0x000000076a780000, 0x00000007c0000000)
  eden space 577536K, 85% used [0x0000000740980000,0x000000075eb2bc58,0x0000000763d80000)
  from space 16384K, 0% used [0x0000000764f00000,0x0000000764f00000,0x0000000765f00000)
  to   space 17920K, 0% used [0x0000000763d80000,0x0000000763d80000,0x0000000764f00000)
 ParOldGen       total 184320K, used 21169K [0x0000000641c00000, 0x000000064d000000, 0x0000000740980000)
  object space 184320K, 11% used [0x0000000641c00000,0x00000006430ac660,0x000000064d000000)
 Metaspace       used 43516K, capacity 45370K, committed 45528K, reserved 1093632K
  class space    used 5752K, capacity 6125K, committed 6144K, reserved 1048576K
Event: 4.901 GC heap after
Heap after GC invocations=11 (full 2):
 PSYoungGen      total 595456K, used 12433K [0x0000000740980000, 0x000000076a780000, 0x00000007c0000000)
  eden space 577536K, 0% used [0x0000000740980000,0x0000000740980000,0x0000000763d80000)
  from space 17920K, 69% used [0x0000000763d80000,0x00000007649a4680,0x0000000764f00000)
  to   space 16384K, 0% used [0x0000000764f00000,0x0000000764f00000,0x0000000765f00000)
 ParOldGen       total 184320K, used 21177K [0x0000000641c00000, 0x000000064d000000, 0x0000000740980000)
  object space 184320K, 11% used [0x0000000641c00000,0x00000006430ae660,0x000000064d000000)
 Metaspace       used 43516K, capacity 45370K, committed 45528K, reserved 1093632K
  class space    used 5752K, capacity 6125K, committed 6144K, reserved 1048576K
}
Event: 4.901 GC heap before
{Heap before GC invocations=12 (full 3):
 PSYoungGen      total 595456K, used 12433K [0x0000000740980000, 0x000000076a780000, 0x00000007c0000000)
  eden space 577536K, 0% used [0x0000000740980000,0x0000000740980000,0x0000000763d80000)
  from space 17920K, 69% used [0x0000000763d80000,0x00000007649a4680,0x0000000764f00000)
  to   space 16384K, 0% used [0x0000000764f00000,0x0000000764f00000,0x0000000765f00000)
 ParOldGen       total 184320K, used 21177K [0x0000000641c00000, 0x000000064d000000, 0x0000000740980000)
  object space 184320K, 11% used [0x0000000641c00000,0x00000006430ae660,0x000000064d000000)
 Metaspace       used 43516K, capacity 45370K, committed 45528K, reserved 1093632K
  class space    used 5752K, capacity 6125K, committed 6144K, reserved 1048576K

Deoptimization events (10 events):
Event: 4.169 Thread 0x000000000480e000 Uncommon trap: reason=unstable_if action=reinterpret pc=0x000000000579539c method=java.lang.Class.arrayContentsEq([Ljava/lang/Object;[Ljava/lang/Object;)Z @ 1
Event: 4.216 Thread 0x000000000480e000 Uncommon trap: reason=class_check action=maybe_recompile pc=0x0000000005adcdc4 method=java.util.Properties$LineReader.readLine()I @ 62
Event: 4.216 Thread 0x000000000480e000 Uncommon trap: reason=unstable_if action=reinterpret pc=0x000000000580a1f8 method=java.util.Properties$LineReader.readLine()I @ 174
Event: 4.217 Thread 0x000000000480e000 Uncommon trap: reason=class_check action=maybe_recompile pc=0x0000000005adcdc4 method=java.util.Properties$LineReader.readLine()I @ 62
Event: 4.415 Thread 0x000000000480e000 Uncommon trap: reason=bimorphic action=maybe_recompile pc=0x0000000005811ee4 method=java.util.Hashtable.put(Ljava/lang/Object;Ljava/lang/Object;)Ljava/lang/Object; @ 18
Event: 4.415 Thread 0x000000000480e000 Uncommon trap: reason=bimorphic action=maybe_recompile pc=0x0000000005811ee4 method=java.util.Hashtable.put(Ljava/lang/Object;Ljava/lang/Object;)Ljava/lang/Object; @ 18
Event: 4.415 Thread 0x000000000480e000 Uncommon trap: reason=bimorphic action=maybe_recompile pc=0x0000000005811ee4 method=java.util.Hashtable.put(Ljava/lang/Object;Ljava/lang/Object;)Ljava/lang/Object; @ 18
Event: 4.416 Thread 0x000000000480e000 Uncommon trap: reason=bimorphic action=maybe_recompile pc=0x0000000005811ee4 method=java.util.Hashtable.put(Ljava/lang/Object;Ljava/lang/Object;)Ljava/lang/Object; @ 18
Event: 4.479 Thread 0x000000000480e000 Uncommon trap: reason=null_check action=make_not_entrant pc=0x00000000059e4568 method=java.lang.reflect.Array.newInstance(Ljava/lang/Class;I)Ljava/lang/Object; @ 2
Event: 4.698 Thread 0x000000000480e000 Uncommon trap: reason=unstable_if action=reinterpret pc=0x0000000004f1a118 method=java.lang.ClassLoader.getClassLoadingLock(Ljava/lang/String;)Ljava/lang/Object; @ 6

Internal exceptions (10 events):
Event: 4.538 Thread 0x000000000480e000 Exception <a 'java/lang/ClassNotFoundException': org/springframework/context/weaving/LoadTimeWeaverAwareCustomizer> (0x0000000754cf9f08) thrown at [C:\re\workspace\8-2-build-windows-amd64-cygwin\jdk8u144\9417\hotspot\src\share\vm\classfile\systemDictionar
Event: 4.538 Thread 0x000000000480e000 Exception <a 'java/lang/ClassNotFoundException': org/springframework/beans/factory/FactoryBeanCustomizer> (0x0000000754d566d8) thrown at [C:\re\workspace\8-2-build-windows-amd64-cygwin\jdk8u144\9417\hotspot\src\share\vm\classfile\systemDictionary.cpp, lin
Event: 4.538 Thread 0x000000000480e000 Exception <a 'java/lang/ClassNotFoundException': org/springframework/beans/factory/BeanClassLoaderAwareCustomizer> (0x0000000754dbb798) thrown at [C:\re\workspace\8-2-build-windows-amd64-cygwin\jdk8u144\9417\hotspot\src\share\vm\classfile\systemDictionary
Event: 4.539 Thread 0x000000000480e000 Exception <a 'java/lang/ClassNotFoundException': org/springframework/beans/factory/BeanFactoryAwareCustomizer> (0x0000000754e1a3c0) thrown at [C:\re\workspace\8-2-build-windows-amd64-cygwin\jdk8u144\9417\hotspot\src\share\vm\classfile\systemDictionary.cpp
Event: 4.539 Thread 0x000000000480e000 Exception <a 'java/lang/ClassNotFoundException': org/springframework/beans/factory/BeanNameAwareCustomizer> (0x0000000754e77970) thrown at [C:\re\workspace\8-2-build-windows-amd64-cygwin\jdk8u144\9417\hotspot\src\share\vm\classfile\systemDictionary.cpp, l
Event: 4.539 Thread 0x000000000480e000 Exception <a 'java/lang/ClassNotFoundException': org/springframework/beans/factory/InitializingBeanCustomizer> (0x0000000754ed64b0) thrown at [C:\re\workspace\8-2-build-windows-amd64-cygwin\jdk8u144\9417\hotspot\src\share\vm\classfile\systemDictionary.cpp
Event: 4.539 Thread 0x000000000480e000 Exception <a 'java/lang/ClassNotFoundException': org/springframework/beans/factory/DisposableBeanCustomizer> (0x0000000754f32f08) thrown at [C:\re\workspace\8-2-build-windows-amd64-cygwin\jdk8u144\9417\hotspot\src\share\vm\classfile\systemDictionary.cpp, 
Event: 4.540 Thread 0x000000000480e000 Exception <a 'java/lang/ClassNotFoundException': org/springframework/orm/jpa/EntityManagerFactoryInfoCustomizer> (0x0000000754f921d8) thrown at [C:\re\workspace\8-2-build-windows-amd64-cygwin\jdk8u144\9417\hotspot\src\share\vm\classfile\systemDictionary.c
Event: 4.540 Thread 0x000000000480e000 Exception <a 'java/lang/ClassNotFoundException': org/springframework/dao/support/PersistenceExceptionTranslatorCustomizer> (0x00000007550039b0) thrown at [C:\re\workspace\8-2-build-windows-amd64-cygwin\jdk8u144\9417\hotspot\src\share\vm\classfile\systemDi
Event: 4.543 Thread 0x000000000480e000 Exception <a 'java/lang/ClassNotFoundException': org/springframework/boot/loader/jar/Handler> (0x0000000755177580) thrown at [C:\re\workspace\8-2-build-windows-amd64-cygwin\jdk8u144\9417\hotspot\src\share\vm\classfile\systemDictionary.cpp, line 210]

Events (10 events):
Event: 4.890 loading class org/hibernate/internal/CoreMessageLogger_$logger_pl_PL done
Event: 4.890 loading class org/hibernate/internal/CoreMessageLogger_$logger_pl
Event: 4.890 loading class org/hibernate/internal/CoreMessageLogger_$logger_pl done
Event: 4.891 loading class org/hibernate/engine/jdbc/dialect/internal/StandardDialectResolver
Event: 4.891 loading class org/hibernate/engine/jdbc/dialect/internal/StandardDialectResolver done
Event: 4.891 loading class org/hibernate/internal/CoreMessageLogger_$logger_pl_PL
Event: 4.891 loading class org/hibernate/internal/CoreMessageLogger_$logger_pl_PL done
Event: 4.891 loading class org/hibernate/internal/CoreMessageLogger_$logger_pl
Event: 4.891 loading class org/hibernate/internal/CoreMessageLogger_$logger_pl done
Event: 4.891 Executing VM operation: CollectForMetadataAllocation


Dynamic libraries:
0x00007ff60f6f0000 - 0x00007ff60f727000 	C:\Program Files\Java\jdk1.8.0_144\bin\java.exe
0x00007ffc24450000 - 0x00007ffc24630000 	C:\WINDOWS\SYSTEM32\ntdll.dll
0x00007ffc12d30000 - 0x00007ffc12d64000 	C:\Program Files\AVAST Software\Avast\x64\aswhooka.dll
0x00007ffc22450000 - 0x00007ffc224fe000 	C:\WINDOWS\System32\KERNEL32.DLL
0x00007ffc20a00000 - 0x00007ffc20c66000 	C:\WINDOWS\System32\KERNELBASE.dll
0x00007ffc22d90000 - 0x00007ffc22e31000 	C:\WINDOWS\System32\ADVAPI32.dll
0x00007ffc21be0000 - 0x00007ffc21c7d000 	C:\WINDOWS\System32\msvcrt.dll
0x00007ffc22ad0000 - 0x00007ffc22b2b000 	C:\WINDOWS\System32\sechost.dll
0x00007ffc22500000 - 0x00007ffc2261f000 	C:\WINDOWS\System32\RPCRT4.dll
0x00007ffc22190000 - 0x00007ffc2231f000 	C:\WINDOWS\System32\USER32.dll
0x00007ffc20c70000 - 0x00007ffc20c90000 	C:\WINDOWS\System32\win32u.dll
0x00007ffc21b40000 - 0x00007ffc21b68000 	C:\WINDOWS\System32\GDI32.dll
0x00007ffc21650000 - 0x00007ffc217e3000 	C:\WINDOWS\System32\gdi32full.dll
0x00007ffc213e0000 - 0x00007ffc2147b000 	C:\WINDOWS\System32\msvcp_win.dll
0x00007ffc20850000 - 0x00007ffc20946000 	C:\WINDOWS\System32\ucrtbase.dll
0x00007ffc0d520000 - 0x00007ffc0d789000 	C:\WINDOWS\WinSxS\amd64_microsoft.windows.common-controls_6595b64144ccf1df_6.0.16299.125_none_15cbcf8893620c09\COMCTL32.dll
0x00007ffc21e80000 - 0x00007ffc22188000 	C:\WINDOWS\System32\combase.dll
0x00007ffc218a0000 - 0x00007ffc21912000 	C:\WINDOWS\System32\bcryptPrimitives.dll
0x00007ffc21d00000 - 0x00007ffc21d2d000 	C:\WINDOWS\System32\IMM32.DLL
0x0000000052850000 - 0x0000000052922000 	C:\Program Files\Java\jdk1.8.0_144\jre\bin\msvcr100.dll
0x00000000518c0000 - 0x000000005215d000 	C:\Program Files\Java\jdk1.8.0_144\jre\bin\server\jvm.dll
0x00007ffc21bd0000 - 0x00007ffc21bd8000 	C:\WINDOWS\System32\PSAPI.DLL
0x00007ffc08e30000 - 0x00007ffc08e39000 	C:\WINDOWS\SYSTEM32\WSOCK32.dll
0x00007ffc22f60000 - 0x00007ffc22fcc000 	C:\WINDOWS\System32\WS2_32.dll
0x00007ffc1c5a0000 - 0x00007ffc1c5c3000 	C:\WINDOWS\SYSTEM32\WINMM.dll
0x00007ffc19170000 - 0x00007ffc1917a000 	C:\WINDOWS\SYSTEM32\VERSION.dll
0x00007ffc1c540000 - 0x00007ffc1c56a000 	C:\WINDOWS\SYSTEM32\WINMMBASE.dll
0x00007ffc21850000 - 0x00007ffc2189a000 	C:\WINDOWS\System32\cfgmgr32.dll
0x0000000052840000 - 0x000000005284f000 	C:\Program Files\Java\jdk1.8.0_144\jre\bin\verify.dll
0x0000000052810000 - 0x0000000052839000 	C:\Program Files\Java\jdk1.8.0_144\jre\bin\java.dll
0x00000000527f0000 - 0x0000000052806000 	C:\Program Files\Java\jdk1.8.0_144\jre\bin\zip.dll
0x00007ffc22fd0000 - 0x00007ffc24406000 	C:\WINDOWS\System32\SHELL32.dll
0x00007ffc21920000 - 0x00007ffc219c6000 	C:\WINDOWS\System32\shcore.dll
0x00007ffc20c90000 - 0x00007ffc213d7000 	C:\WINDOWS\System32\windows.storage.dll
0x00007ffc22320000 - 0x00007ffc22371000 	C:\WINDOWS\System32\shlwapi.dll
0x00007ffc20830000 - 0x00007ffc20841000 	C:\WINDOWS\System32\kernel.appcore.dll
0x00007ffc207c0000 - 0x00007ffc2080c000 	C:\WINDOWS\System32\powrprof.dll
0x00007ffc207a0000 - 0x00007ffc207bb000 	C:\WINDOWS\System32\profapi.dll
0x00000000527e0000 - 0x00000000527ed000 	C:\Program Files\Java\jdk1.8.0_144\jre\bin\management.dll
0x00000000527c0000 - 0x00000000527da000 	C:\Program Files\Java\jdk1.8.0_144\jre\bin\net.dll
0x00007ffc20030000 - 0x00007ffc20096000 	C:\WINDOWS\system32\mswsock.dll
0x00007ffc06e30000 - 0x00007ffc06e46000 	C:\WINDOWS\system32\napinsp.dll
0x00007ffc06ca0000 - 0x00007ffc06cba000 	C:\WINDOWS\system32\pnrpnsp.dll
0x00007ffc1e270000 - 0x00007ffc1e288000 	C:\WINDOWS\system32\NLAapi.dll
0x00007ffc1fe00000 - 0x00007ffc1feb6000 	C:\WINDOWS\SYSTEM32\DNSAPI.dll
0x00007ffc22e40000 - 0x00007ffc22e48000 	C:\WINDOWS\System32\NSI.dll
0x00007ffc1fdc0000 - 0x00007ffc1fdf9000 	C:\WINDOWS\SYSTEM32\IPHLPAPI.DLL
0x00007ffc06e20000 - 0x00007ffc06e2e000 	C:\WINDOWS\System32\winrnr.dll
0x00007ffc19150000 - 0x00007ffc1915a000 	C:\Windows\System32\rasadhlp.dll
0x00007ffc19c40000 - 0x00007ffc19cb0000 	C:\WINDOWS\System32\fwpuclnt.dll
0x00007ffc20300000 - 0x00007ffc20325000 	C:\WINDOWS\SYSTEM32\bcrypt.dll
0x00000000527a0000 - 0x00000000527b1000 	C:\Program Files\Java\jdk1.8.0_144\jre\bin\nio.dll
0x00007ffc201f0000 - 0x00007ffc20207000 	C:\WINDOWS\SYSTEM32\CRYPTSP.dll
0x00007ffc1fc40000 - 0x00007ffc1fc73000 	C:\WINDOWS\system32\rsaenh.dll
0x00007ffc206a0000 - 0x00007ffc206c9000 	C:\WINDOWS\SYSTEM32\USERENV.dll
0x00007ffc20210000 - 0x00007ffc2021b000 	C:\WINDOWS\SYSTEM32\CRYPTBASE.dll
0x00007ffc1c870000 - 0x00007ffc1c886000 	C:\WINDOWS\SYSTEM32\dhcpcsvc6.DLL
0x00007ffc1c850000 - 0x00007ffc1c86a000 	C:\WINDOWS\SYSTEM32\dhcpcsvc.DLL

VM Arguments:
jvm_args: -Dserver.port=8082 
java_command: target/pik-0.0.1-SNAPSHOT.jar
java_class_path (initial): target/pik-0.0.1-SNAPSHOT.jar
Launcher Type: SUN_STANDARD

Environment Variables:
JAVA_HOME=C:\Program Files\Java\jdk-10
PATH=C:\Program Files (x86)\Common Files\Intel\Shared Files\cpp\bin\Intel64;C:\Program Files\Java\jdk1.8.0_144\bin;C:\Windows\system32;C:\Windows;C:\Windows\System32\Wbem;C:\Windows\System32\WindowsPowerShell\v1.0\;C:\Program Files (x86)\NVIDIA Corporation\PhysX\Common;C:\php\7;C:\ProgramData\ComposerSetup\bin;C:\WINDOWS\system32;C:\WINDOWS;C:\WINDOWS\System32\Wbem;C:\WINDOWS\System32\WindowsPowerShell\v1.0\;C:\Program Files (x86)\Skype\Phone\;C:\Program Files\Common Files\Autodesk Shared\;C:\Program Files\Microsoft SQL Server\130\Tools\Binn\;C:\Program Files\Git\cmd;C:\Android;C:\Program Files\nodejs\;C:\Ruby24-x64\bin;C:\Users\Dram-PC\AppData\Local\atom\bin;C:\Users\Dram-PC\AppData\Roaming\Composer\vendor\bin;C:\php\7;C:/Users/Dram-PC/AppData/Roaming/Composer/vendor/bin;C:\Users\Dram-PC\AppData\Roaming\npm;C:\WTServer\bin;C:\Users\Dram-PC\AppData\Local\Microsoft\WindowsApps;C:\Program Files\Heroku\bin;C:\maven\bin;
USERNAME=Dram-PC
OS=Windows_NT
PROCESSOR_IDENTIFIER=Intel64 Family 6 Model 58 Stepping 9, GenuineIntel



---------------  S Y S T E M  ---------------

OS: Windows 10.0 , 64 bit Build 16299 (10.0.16299.15)

CPU:total 8 (initial active 8) (4 cores per cpu, 2 threads per core) family 6 model 58 stepping 9, cmov, cx8, fxsr, mmx, sse, sse2, sse3, ssse3, sse4.1, sse4.2, popcnt, avx, aes, clmul, erms, ht, tsc, tscinvbit, tscinv

Memory: 4k page, physical 25048816k(2583984k free), swap 25048816k(3180k free)

vm_info: Java HotSpot(TM) 64-Bit Server VM (25.144-b01) for windows-amd64 JRE (1.8.0_144-b01), built on Jul 21 2017 21:57:33 by "java_re" with MS VC++ 10.0 (VS2010)

time: Thu Apr 12 11:52:22 2018
elapsed time: 4 seconds (0d 0h 0m 4s)

